<?xml version="1.0" encoding="UTF-8"?>
<!-- Generated by org.testng.reporters.JUnitReportReporter -->
<testsuite skipped="0" hostname="Mohsin-PC" name="Utilities.ExcelData" tests="1" failures="0" timestamp="04 Aug 2018 13:22:00 GMT" time="1.932" errors="0">
  <testcase name="readExcel" time="1.932" classname="Utilities.ExcelData"/>
</testsuite> <!-- Utilities.ExcelData -->
