<?xml version="1.0" encoding="UTF-8"?>
<!-- Generated by org.testng.reporters.JUnitReportReporter -->
<testsuite skipped="1" hostname="Mohsin-PC" name="Utilities.ExcelDataProvider" tests="1" failures="0" timestamp="04 Aug 2018 13:22:00 GMT" time="0.000" errors="0">
  <testcase name="loginApp" time="0.000" classname="Utilities.ExcelDataProvider">
    <skipped/>
  </testcase> <!-- loginApp -->
</testsuite> <!-- Utilities.ExcelDataProvider -->
